2023.03.30 16:27:30 INFO  Started: Metals version 0.11.11 in workspace '/Users/cintia/Documents/BaccInf/Sem2/IFT1025/TP2/IFT1025-TP2-server-main/src/main/java/server' for client Visual Studio Code 1.75.1.
SLF4J: No SLF4J providers were found.
SLF4J: Defaulting to no-operation (NOP) logger implementation
SLF4J: See https://www.slf4j.org/codes.html#noProviders for further details.
SLF4J: Class path contains SLF4J bindings targeting slf4j-api versions 1.7.x or earlier.
SLF4J: Ignoring binding found at [jar:file:/Users/cintia/Library/Caches/Coursier/v1/https/repo1.maven.org/maven2/com/outr/scribe-slf4j_2.13/3.11.0/scribe-slf4j_2.13-3.11.0.jar!/org/slf4j/impl/StaticLoggerBinder.class]
SLF4J: See https://www.slf4j.org/codes.html#ignoredBindings for an explanation.
2023.03.30 16:27:32 INFO  time: initialize in 2.01s
2023.03.30 16:27:37 WARN  Build server is not auto-connectable.
2023.03.30 16:27:37 WARN  no build tool detected in workspace '/Users/cintia/Documents/BaccInf/Sem2/IFT1025/TP2/IFT1025-TP2-server-main/src/main/java/server'. The most common cause for this problem is that the editor was opened in the wrong working directory, for example if you use sbt then the workspace directory should contain build.sbt. 
2023.03.30 16:27:37 WARN  no build target for: /Users/cintia/Documents/BaccInf/Sem2/IFT1025/TP2/IFT1025-TP2-server-main/src/main/java/server/Server.java
2023.03.30 16:27:42 INFO  time: code lens generation in 3.64s
Mar. 30, 2023 4:30:54 P.M. org.eclipse.lsp4j.jsonrpc.RemoteEndpoint handleCancellation
WARNING: Unmatched cancel notification for request id 36
2023.03.30 16:31:07 WARN  no build target for: /Users/cintia/Documents/BaccInf/Sem2/IFT1025/TP2/IFT1025-TP2-server-main/src/main/java/server/ServerLauncher.java
2023.03.30 16:31:09 INFO  time: code lens generation in 1.32s
2023.03.30 16:31:16 WARN  no build target for: /Users/cintia/Documents/BaccInf/Sem2/IFT1025/TP2/IFT1025-TP2-server-main/src/main/java/server/Server.java
2023.03.30 16:31:44 WARN  no build target for: /Users/cintia/Documents/BaccInf/Sem2/IFT1025/TP2/IFT1025-TP2-server-main/src/main/java/server/ServerLauncher.java
2023.03.30 16:31:56 WARN  no build target for: /Users/cintia/Documents/BaccInf/Sem2/IFT1025/TP2/IFT1025-TP2-server-main/src/main/java/server/Server.java
2023.03.30 16:37:22 INFO  Shutting down server
2023.03.30 16:37:22 INFO  shutting down Metals
2023.03.30 16:37:22 INFO  Exiting server
2023.03.31 11:46:34 INFO  Started: Metals version 0.11.11 in workspace '/Users/cintia/Documents/BaccInf/Sem2/IFT1025/TP2/IFT1025-TP2-server-main/src/main/java/server' for client Visual Studio Code 1.77.0.
SLF4J: No SLF4J providers were found.
SLF4J: Defaulting to no-operation (NOP) logger implementation
SLF4J: See https://www.slf4j.org/codes.html#noProviders for further details.
SLF4J: Class path contains SLF4J bindings targeting slf4j-api versions 1.7.x or earlier.
SLF4J: Ignoring binding found at [jar:file:/Users/cintia/Library/Caches/Coursier/v1/https/repo1.maven.org/maven2/com/outr/scribe-slf4j_2.13/3.11.0/scribe-slf4j_2.13-3.11.0.jar!/org/slf4j/impl/StaticLoggerBinder.class]
SLF4J: See https://www.slf4j.org/codes.html#ignoredBindings for an explanation.
2023.03.31 11:46:39 INFO  time: initialize in 4.46s
2023.03.31 11:46:48 WARN  Build server is not auto-connectable.
2023.03.31 11:46:48 WARN  no build tool detected in workspace '/Users/cintia/Documents/BaccInf/Sem2/IFT1025/TP2/IFT1025-TP2-server-main/src/main/java/server'. The most common cause for this problem is that the editor was opened in the wrong working directory, for example if you use sbt then the workspace directory should contain build.sbt. 
2023.03.31 11:46:48 WARN  no build target for: /Users/cintia/Documents/BaccInf/Sem2/IFT1025/TP2/IFT1025-TP2-server-main/src/main/java/server/ServerLauncher.java
2023.03.31 11:46:48 WARN  no build target for: /Users/cintia/Documents/BaccInf/Sem2/IFT1025/TP2/IFT1025-TP2-server-main/src/main/java/server/Server.java
Mar. 31, 2023 11:46:48 A.M. org.eclipse.lsp4j.jsonrpc.RemoteEndpoint handleCancellation
WARNING: Unmatched cancel notification for request id 5
Mar. 31, 2023 11:46:48 A.M. org.eclipse.lsp4j.jsonrpc.RemoteEndpoint handleCancellation
WARNING: Unmatched cancel notification for request id 6
Mar. 31, 2023 11:46:48 A.M. org.eclipse.lsp4j.jsonrpc.RemoteEndpoint handleCancellation
WARNING: Unmatched cancel notification for request id 9
2023.03.31 11:46:54 INFO  time: code lens generation in 5.85s
2023.03.31 11:46:54 INFO  time: code lens generation in 3.95s
Mar. 31, 2023 11:47:23 A.M. org.eclipse.lsp4j.jsonrpc.RemoteEndpoint handleCancellation
WARNING: Unmatched cancel notification for request id 32
2023.03.31 11:49:41 WARN  no build target for: /Users/cintia/Documents/BaccInf/Sem2/IFT1025/TP2/IFT1025-TP2-server-main/src/main/java/server/Server.java
2023.03.31 11:49:44 INFO  time: code lens generation in 2.97s
Mar. 31, 2023 11:52:06 A.M. org.eclipse.lsp4j.jsonrpc.RemoteEndpoint handleCancellation
WARNING: Unmatched cancel notification for request id 163
2023.03.31 11:52:33 WARN  no build target for: /Users/cintia/Documents/BaccInf/Sem2/IFT1025/TP2/IFT1025-TP2-server-main/src/main/java/server/Server.java
2023.03.31 11:52:36 INFO  time: code lens generation in 2.94s
2023.03.31 13:21:49 INFO  Shutting down server
2023.03.31 13:21:49 INFO  shutting down Metals
2023.03.31 13:21:49 INFO  Exiting server
2023.03.31 16:02:36 INFO  Started: Metals version 0.11.11 in workspace '/Users/cintia/Documents/BaccInf/Sem2/IFT1025/TP2/IFT1025-TP2-server-main/src/main/java/server' for client Visual Studio Code 1.77.0.
SLF4J: No SLF4J providers were found.
SLF4J: Defaulting to no-operation (NOP) logger implementation
SLF4J: See https://www.slf4j.org/codes.html#noProviders for further details.
SLF4J: Class path contains SLF4J bindings targeting slf4j-api versions 1.7.x or earlier.
SLF4J: Ignoring binding found at [jar:file:/Users/cintia/Library/Caches/Coursier/v1/https/repo1.maven.org/maven2/com/outr/scribe-slf4j_2.13/3.11.0/scribe-slf4j_2.13-3.11.0.jar!/org/slf4j/impl/StaticLoggerBinder.class]
SLF4J: See https://www.slf4j.org/codes.html#ignoredBindings for an explanation.
2023.03.31 16:02:37 INFO  time: initialize in 1.37s
2023.03.31 16:02:42 WARN  Build server is not auto-connectable.
2023.03.31 16:02:42 WARN  no build tool detected in workspace '/Users/cintia/Documents/BaccInf/Sem2/IFT1025/TP2/IFT1025-TP2-server-main/src/main/java/server'. The most common cause for this problem is that the editor was opened in the wrong working directory, for example if you use sbt then the workspace directory should contain build.sbt. 
2023.03.31 16:02:42 WARN  no build target for: /Users/cintia/Documents/BaccInf/Sem2/IFT1025/TP2/IFT1025-TP2-server-main/src/main/java/server/ServerLauncher.java
2023.03.31 16:02:42 WARN  no build target for: /Users/cintia/Documents/BaccInf/Sem2/IFT1025/TP2/IFT1025-TP2-server-main/src/main/java/server/Server.java
2023.03.31 16:02:52 INFO  time: code lens generation in 9.86s
Mar. 31, 2023 4:06:47 P.M. org.eclipse.lsp4j.jsonrpc.RemoteEndpoint handleCancellation
WARNING: Unmatched cancel notification for request id 54
2023.03.31 16:08:16 WARN  no build target for: /Users/cintia/Documents/BaccInf/Sem2/IFT1025/TP2/IFT1025-TP2-server-main/src/main/java/server/Server.java
2023.03.31 16:08:18 INFO  time: code lens generation in 2.32s
2023.03.31 16:11:20 WARN  no build target for: /Users/cintia/Documents/BaccInf/Sem2/IFT1025/TP2/IFT1025-TP2-server-main/src/main/java/server/data/TestServer.java
2023.03.31 16:11:23 INFO  time: code lens generation in 1.67s
2023.03.31 16:11:23 INFO  time: code lens generation in 2.32s
2023.03.31 16:12:51 WARN  no build target for: /Users/cintia/Documents/BaccInf/Sem2/IFT1025/TP2/IFT1025-TP2-server-main/src/main/java/server/data/TestServer.java
2023.03.31 16:14:15 WARN  no build target for: /Users/cintia/Documents/BaccInf/Sem2/IFT1025/TP2/IFT1025-TP2-server-main/src/main/java/server/Server.java
2023.03.31 16:14:18 WARN  no build target for: /Users/cintia/Documents/BaccInf/Sem2/IFT1025/TP2/IFT1025-TP2-server-main/src/main/java/server/data/TestServer.java
2023.03.31 16:14:59 WARN  no build target for: /Users/cintia/Documents/BaccInf/Sem2/IFT1025/TP2/IFT1025-TP2-server-main/src/main/java/server/TestServer.java
2023.03.31 16:15:02 INFO  time: code lens generation in 2.11s
2023.03.31 16:15:18 WARN  no build target for: /Users/cintia/Documents/BaccInf/Sem2/IFT1025/TP2/IFT1025-TP2-server-main/src/main/java/server/ServerLauncher.java
2023.03.31 16:15:44 WARN  no build target for: /Users/cintia/Documents/BaccInf/Sem2/IFT1025/TP2/IFT1025-TP2-server-main/src/main/java/server/Server.java
2023.03.31 16:15:47 INFO  time: code lens generation in 2.64s
2023.03.31 16:16:26 WARN  no build target for: /Users/cintia/Documents/BaccInf/Sem2/IFT1025/TP2/IFT1025-TP2-server-main/src/main/java/server/TestServer.java
2023.03.31 16:16:29 INFO  time: code lens generation in 2.19s
2023.03.31 16:17:06 WARN  no build target for: /Users/cintia/Documents/BaccInf/Sem2/IFT1025/TP2/IFT1025-TP2-server-main/src/main/java/server/Server.java
2023.03.31 16:17:09 INFO  time: code lens generation in 2.4s
Mar. 31, 2023 4:21:58 P.M. org.eclipse.lsp4j.jsonrpc.RemoteEndpoint handleCancellation
WARNING: Unmatched cancel notification for request id 650
2023.03.31 16:23:04 WARN  no build target for: /Users/cintia/Documents/BaccInf/Sem2/IFT1025/TP2/IFT1025-TP2-server-main/src/main/java/server/Server.java
2023.03.31 16:23:07 WARN  no build target for: /Users/cintia/Documents/BaccInf/Sem2/IFT1025/TP2/IFT1025-TP2-server-main/src/main/java/server/TestServer.java
2023.03.31 16:23:10 INFO  time: code lens generation in 2.88s
2023.03.31 16:23:10 INFO  time: code lens generation in 3.4s
2023.03.31 16:23:10 INFO  time: code lens generation in 5.37s
2023.03.31 16:23:37 WARN  no build target for: /Users/cintia/Documents/BaccInf/Sem2/IFT1025/TP2/IFT1025-TP2-server-main/src/main/java/server/TestServer.java
2023.03.31 16:24:36 WARN  no build target for: /Users/cintia/Documents/BaccInf/Sem2/IFT1025/TP2/IFT1025-TP2-server-main/src/main/java/server/TestServer.java
2023.03.31 16:24:46 WARN  no build target for: /Users/cintia/Documents/BaccInf/Sem2/IFT1025/TP2/IFT1025-TP2-server-main/src/main/java/server/TestServer.java
2023.03.31 16:25:15 WARN  no build target for: /Users/cintia/Documents/BaccInf/Sem2/IFT1025/TP2/IFT1025-TP2-server-main/src/main/java/server/Server.java
2023.03.31 16:25:18 INFO  time: code lens generation in 1.22s
2023.03.31 16:25:19 WARN  no build target for: /Users/cintia/Documents/BaccInf/Sem2/IFT1025/TP2/IFT1025-TP2-server-main/src/main/java/server/TestServer.java
2023.03.31 16:25:27 WARN  no build target for: /Users/cintia/Documents/BaccInf/Sem2/IFT1025/TP2/IFT1025-TP2-server-main/src/main/java/server/TestServer.java
2023.03.31 16:25:50 WARN  no build target for: /Users/cintia/Documents/BaccInf/Sem2/IFT1025/TP2/IFT1025-TP2-server-main/src/main/java/server/Server.java
2023.03.31 16:25:52 INFO  time: code lens generation in 2.27s
2023.03.31 16:26:06 WARN  no build target for: /Users/cintia/Documents/BaccInf/Sem2/IFT1025/TP2/IFT1025-TP2-server-main/src/main/java/server/Server.java
2023.03.31 16:26:09 INFO  time: code lens generation in 2.13s
2023.03.31 16:26:27 WARN  no build target for: /Users/cintia/Documents/BaccInf/Sem2/IFT1025/TP2/IFT1025-TP2-server-main/src/main/java/server/Server.java
2023.03.31 16:26:29 INFO  time: code lens generation in 1.76s
2023.03.31 16:26:48 WARN  no build target for: /Users/cintia/Documents/BaccInf/Sem2/IFT1025/TP2/IFT1025-TP2-server-main/src/main/java/server/Server.java
2023.03.31 16:26:50 INFO  time: code lens generation in 1.8s
2023.03.31 16:26:55 WARN  no build target for: /Users/cintia/Documents/BaccInf/Sem2/IFT1025/TP2/IFT1025-TP2-server-main/src/main/java/server/Server.java
2023.03.31 16:26:57 INFO  time: code lens generation in 1.86s
2023.03.31 16:27:01 WARN  no build target for: /Users/cintia/Documents/BaccInf/Sem2/IFT1025/TP2/IFT1025-TP2-server-main/src/main/java/server/Server.java
2023.03.31 16:27:04 INFO  time: code lens generation in 1.67s
2023.03.31 16:27:54 WARN  no build target for: /Users/cintia/Documents/BaccInf/Sem2/IFT1025/TP2/IFT1025-TP2-server-main/src/main/java/server/Server.java
2023.03.31 16:27:59 WARN  no build target for: /Users/cintia/Documents/BaccInf/Sem2/IFT1025/TP2/IFT1025-TP2-server-main/src/main/java/server/TestServer.java
2023.03.31 16:33:48 WARN  no build target for: /Users/cintia/Documents/BaccInf/Sem2/IFT1025/TP2/IFT1025-TP2-server-main/src/main/java/server/Server.java
2023.03.31 16:33:52 WARN  no build target for: /Users/cintia/Documents/BaccInf/Sem2/IFT1025/TP2/IFT1025-TP2-server-main/src/main/java/server/TestServer.java
2023.03.31 16:34:05 WARN  no build target for: /Users/cintia/Documents/BaccInf/Sem2/IFT1025/TP2/IFT1025-TP2-server-main/src/main/java/server/Server.java
2023.03.31 16:34:28 WARN  no build target for: /Users/cintia/Documents/BaccInf/Sem2/IFT1025/TP2/IFT1025-TP2-server-main/src/main/java/server/TestServer.java
2023.03.31 16:34:30 INFO  time: code lens generation in 1.6s
2023.03.31 16:35:09 WARN  no build target for: /Users/cintia/Documents/BaccInf/Sem2/IFT1025/TP2/IFT1025-TP2-server-main/src/main/java/server/Server.java
2023.03.31 16:35:10 INFO  time: code lens generation in 1.2s
2023.03.31 16:35:50 WARN  no build target for: /Users/cintia/Documents/BaccInf/Sem2/IFT1025/TP2/IFT1025-TP2-server-main/src/main/java/server/Server.java
2023.03.31 16:35:52 INFO  time: code lens generation in 1.59s
2023.03.31 16:36:15 WARN  no build target for: /Users/cintia/Documents/BaccInf/Sem2/IFT1025/TP2/IFT1025-TP2-server-main/src/main/java/server/Server.java
2023.03.31 16:36:17 INFO  time: code lens generation in 1.78s
2023.03.31 16:36:35 WARN  no build target for: /Users/cintia/Documents/BaccInf/Sem2/IFT1025/TP2/IFT1025-TP2-server-main/src/main/java/server/Server.java
2023.03.31 16:36:55 WARN  no build target for: /Users/cintia/Documents/BaccInf/Sem2/IFT1025/TP2/IFT1025-TP2-server-main/src/main/java/server/Server.java
2023.03.31 16:37:21 WARN  no build target for: /Users/cintia/Documents/BaccInf/Sem2/IFT1025/TP2/IFT1025-TP2-server-main/src/main/java/server/Server.java
2023.03.31 16:38:40 INFO  Shutting down server
2023.03.31 16:38:40 INFO  shutting down Metals
2023.03.31 16:38:40 INFO  Exiting server
2023.03.31 16:41:54 INFO  Started: Metals version 0.11.11 in workspace '/Users/cintia/Documents/BaccInf/Sem2/IFT1025/TP2/IFT1025-TP2-server-main/src/main/java/server' for client Visual Studio Code 1.77.0.
SLF4J: No SLF4J providers were found.
SLF4J: Defaulting to no-operation (NOP) logger implementation
SLF4J: See https://www.slf4j.org/codes.html#noProviders for further details.
SLF4J: Class path contains SLF4J bindings targeting slf4j-api versions 1.7.x or earlier.
SLF4J: Ignoring binding found at [jar:file:/Users/cintia/Library/Caches/Coursier/v1/https/repo1.maven.org/maven2/com/outr/scribe-slf4j_2.13/3.11.0/scribe-slf4j_2.13-3.11.0.jar!/org/slf4j/impl/StaticLoggerBinder.class]
SLF4J: See https://www.slf4j.org/codes.html#ignoredBindings for an explanation.
2023.03.31 16:41:55 INFO  time: initialize in 1.45s
2023.03.31 16:41:59 WARN  Build server is not auto-connectable.
2023.03.31 16:41:59 WARN  no build tool detected in workspace '/Users/cintia/Documents/BaccInf/Sem2/IFT1025/TP2/IFT1025-TP2-server-main/src/main/java/server'. The most common cause for this problem is that the editor was opened in the wrong working directory, for example if you use sbt then the workspace directory should contain build.sbt. 
2023.03.31 16:41:59 WARN  no build target for: /Users/cintia/Documents/BaccInf/Sem2/IFT1025/TP2/IFT1025-TP2-server-main/src/main/java/server/Server.java
2023.03.31 16:42:03 INFO  time: code lens generation in 3.38s
Mar. 31, 2023 4:42:44 P.M. org.eclipse.lsp4j.jsonrpc.RemoteEndpoint handleCancellation
WARNING: Unmatched cancel notification for request id 6
2023.03.31 16:43:49 WARN  no build target for: /Users/cintia/Documents/BaccInf/Sem2/IFT1025/TP2/IFT1025-TP2-server-main/src/main/java/server/Server.java
2023.03.31 16:44:14 WARN  no build target for: /Users/cintia/Documents/BaccInf/Sem2/IFT1025/TP2/IFT1025-TP2-server-main/src/main/java/server/Server.java
2023.03.31 16:45:01 WARN  no build target for: /Users/cintia/Documents/BaccInf/Sem2/IFT1025/TP2/IFT1025-TP2-server-main/src/main/java/server/Server.java
2023.03.31 16:45:04 INFO  time: code lens generation in 2.89s
2023.03.31 16:45:32 WARN  no build target for: /Users/cintia/Documents/BaccInf/Sem2/IFT1025/TP2/IFT1025-TP2-server-main/src/main/java/server/TestServer.java
2023.03.31 16:45:35 INFO  time: code lens generation in 2.05s
2023.03.31 16:45:52 WARN  no build target for: /Users/cintia/Documents/BaccInf/Sem2/IFT1025/TP2/IFT1025-TP2-server-main/src/main/java/server/TestServer.java
Mar. 31, 2023 4:46:28 P.M. org.eclipse.lsp4j.jsonrpc.RemoteEndpoint handleCancellation
WARNING: Unmatched cancel notification for request id 233
2023.03.31 16:46:42 WARN  no build target for: /Users/cintia/Documents/BaccInf/Sem2/IFT1025/TP2/IFT1025-TP2-server-main/src/main/java/server/TestServer.java
2023.03.31 16:46:55 WARN  no build target for: /Users/cintia/Documents/BaccInf/Sem2/IFT1025/TP2/IFT1025-TP2-server-main/src/main/java/server/TestServer.java
2023.03.31 16:47:31 WARN  no build target for: /Users/cintia/Documents/BaccInf/Sem2/IFT1025/TP2/IFT1025-TP2-server-main/src/main/java/server/Server.java
2023.03.31 16:47:47 WARN  no build target for: /Users/cintia/Documents/BaccInf/Sem2/IFT1025/TP2/IFT1025-TP2-server-main/src/main/java/server/Server.java
Mar. 31, 2023 4:48:03 P.M. org.eclipse.lsp4j.jsonrpc.RemoteEndpoint handleCancellation
WARNING: Unmatched cancel notification for request id 368
2023.03.31 16:48:14 WARN  no build target for: /Users/cintia/Documents/BaccInf/Sem2/IFT1025/TP2/IFT1025-TP2-server-main/src/main/java/server/Server.java
2023.03.31 16:48:16 INFO  time: code lens generation in 2.01s
2023.03.31 16:48:59 WARN  no build target for: /Users/cintia/Documents/BaccInf/Sem2/IFT1025/TP2/IFT1025-TP2-server-main/src/main/java/server/Server.java
2023.03.31 16:50:37 WARN  no build target for: /Users/cintia/Documents/BaccInf/Sem2/IFT1025/TP2/IFT1025-TP2-server-main/src/main/java/server/TestServer.java
2023.03.31 16:51:48 WARN  no build target for: /Users/cintia/Documents/BaccInf/Sem2/IFT1025/TP2/IFT1025-TP2-server-main/src/main/java/server/Server.java
2023.03.31 16:51:50 INFO  time: code lens generation in 2.28s
2023.03.31 16:52:09 WARN  no build target for: /Users/cintia/Documents/BaccInf/Sem2/IFT1025/TP2/IFT1025-TP2-server-main/src/main/java/server/Server.java
2023.03.31 16:52:28 WARN  no build target for: /Users/cintia/Documents/BaccInf/Sem2/IFT1025/TP2/IFT1025-TP2-server-main/src/main/java/server/Server.java
2023.03.31 16:52:30 INFO  time: code lens generation in 2.02s
2023.03.31 16:54:03 WARN  no build target for: /Users/cintia/Documents/BaccInf/Sem2/IFT1025/TP2/IFT1025-TP2-server-main/src/main/java/server/Server.java
2023.03.31 16:54:06 INFO  time: code lens generation in 2.23s
2023.03.31 16:55:40 WARN  no build target for: /Users/cintia/Documents/BaccInf/Sem2/IFT1025/TP2/IFT1025-TP2-server-main/src/main/java/server/Server.java
2023.03.31 16:55:47 WARN  no build target for: /Users/cintia/Documents/BaccInf/Sem2/IFT1025/TP2/IFT1025-TP2-server-main/src/main/java/server/TestServer.java
2023.03.31 16:56:10 WARN  no build target for: /Users/cintia/Documents/BaccInf/Sem2/IFT1025/TP2/IFT1025-TP2-server-main/src/main/java/server/Server.java
2023.03.31 16:56:41 WARN  no build target for: /Users/cintia/Documents/BaccInf/Sem2/IFT1025/TP2/IFT1025-TP2-server-main/src/main/java/server/Server.java
2023.03.31 16:56:45 WARN  no build target for: /Users/cintia/Documents/BaccInf/Sem2/IFT1025/TP2/IFT1025-TP2-server-main/src/main/java/server/TestServer.java
Mar. 31, 2023 4:57:43 P.M. org.eclipse.lsp4j.jsonrpc.RemoteEndpoint handleCancellation
WARNING: Unmatched cancel notification for request id 678
2023.03.31 16:58:35 WARN  no build target for: /Users/cintia/Documents/BaccInf/Sem2/IFT1025/TP2/IFT1025-TP2-server-main/src/main/java/server/ServerLauncher.java
2023.03.31 16:58:38 INFO  time: code lens generation in 2.08s
2023.03.31 16:59:42 WARN  no build target for: /Users/cintia/Documents/BaccInf/Sem2/IFT1025/TP2/IFT1025-TP2-server-main/src/main/java/server/ServerLauncher.java
2023.03.31 16:59:42 WARN  no build target for: /Users/cintia/Documents/BaccInf/Sem2/IFT1025/TP2/IFT1025-TP2-server-main/src/main/java/server/TestServer.java
2023.03.31 16:59:42 WARN  no build target for: /Users/cintia/Documents/BaccInf/Sem2/IFT1025/TP2/IFT1025-TP2-server-main/src/main/java/server/Server.java
2023.03.31 16:59:42 INFO  Shutting down server
2023.03.31 16:59:42 INFO  shutting down Metals
java.util.concurrent.RejectedExecutionException: Task Future(<not completed>) rejected from java.util.concurrent.ThreadPoolExecutor@149af869[Shutting down, pool size = 3, active threads = 2, queued tasks = 0, completed tasks = 13456]
	at java.base/java.util.concurrent.ThreadPoolExecutor$AbortPolicy.rejectedExecution(ThreadPoolExecutor.java:2055)
	at java.base/java.util.concurrent.ThreadPoolExecutor.reject(ThreadPoolExecutor.java:825)
	at java.base/java.util.concurrent.ThreadPoolExecutor.execute(ThreadPoolExecutor.java:1355)
	at scala.concurrent.impl.ExecutionContextImpl.execute(ExecutionContextImpl.scala:21)
	at scala.concurrent.impl.Promise$Transformation.submitWithValue(Promise.scala:429)
	at scala.concurrent.impl.Promise$DefaultPromise.submitWithValue(Promise.scala:338)
	at scala.concurrent.impl.Promise$DefaultPromise.tryComplete0(Promise.scala:285)
	at scala.concurrent.impl.Promise$Transformation.handleFailure(Promise.scala:444)
	at scala.concurrent.impl.Promise$Transformation.run(Promise.scala:506)
	at java.base/java.util.concurrent.ThreadPoolExecutor.runWorker(ThreadPoolExecutor.java:1128)
	at java.base/java.util.concurrent.ThreadPoolExecutor$Worker.run(ThreadPoolExecutor.java:628)
	at java.base/java.lang.Thread.run(Thread.java:829)
java.util.concurrent.RejectedExecutionException: Task Future(<not completed>) rejected from java.util.concurrent.ThreadPoolExecutor@149af869[Shutting down, pool size = 1, active threads = 1, queued tasks = 0, completed tasks = 13457]
	at java.base/java.util.concurrent.ThreadPoolExecutor$AbortPolicy.rejectedExecution(ThreadPoolExecutor.java:2055)
	at java.base/java.util.concurrent.ThreadPoolExecutor.reject(ThreadPoolExecutor.java:825)
	at java.base/java.util.concurrent.ThreadPoolExecutor.execute(ThreadPoolExecutor.java:1355)
	at scala.concurrent.impl.ExecutionContextImpl.execute(ExecutionContextImpl.scala:21)
	at scala.concurrent.impl.Promise$Transformation.submitWithValue(Promise.scala:429)
	at scala.concurrent.impl.Promise$DefaultPromise.submitWithValue(Promise.scala:338)
	at scala.concurrent.impl.Promise$DefaultPromise.tryComplete0(Promise.scala:285)
	at scala.concurrent.impl.Promise$Transformation.run(Promise.scala:504)
	at java.base/java.util.concurrent.ThreadPoolExecutor.runWorker(ThreadPoolExecutor.java:1128)
	at java.base/java.util.concurrent.ThreadPoolExecutor$Worker.run(ThreadPoolExecutor.java:628)
	at java.base/java.lang.Thread.run(Thread.java:829)
